<test-run id="2" duration="0.08776990000000001" testcasecount="5" total="5" passed="4" failed="1" inconclusive="0" skipped="0" result="Failed" start-time="2025-06-30T21:52:56Z" end-time="2025-06-30T21:52:58Z">
    <test-suite type="Assembly" name="Fluke.Tests.dll" fullname="/Users/elena/dev/Fluke/Fluke.Tests/bin/Debug/net9.0/Fluke.Tests.dll" total="5" passed="4" failed="1" inconclusive="0" skipped="0" result="Failed" start-time="2025-06-30T21:52:57Z" end-time="2025-06-30T21:52:57Z" duration="0.0877699">
        <test-suite type="TestSuite" name="FlukeTests" fullname="FlukeTests" total="5" passed="4" failed="1" inconclusive="0" skipped="0" result="Failed" start-time="2025-06-30T21:52:57Z" end-time="2025-06-30T21:52:57Z" duration="0.0877699">
            <test-suite type="TestFixture" name="NunitXmlParserTests" fullname="FlukeTests.NunitXmlParserTests" classname="FlukeTests.NunitXmlParserTests" total="5" passed="4" failed="1" inconclusive="0" skipped="0" result="Failed" start-time="2025-06-30T21:52:57Z" end-time="2025-06-30T21:52:57Z" duration="0.0877699">
                <test-case name="Parse_ReturnsFailedTestResults" fullname="FlukeTests.NunitXmlParserTests.Parse_ReturnsFailedTestResults" methodname="Parse_ReturnsFailedTestResults" classname="NunitXmlParserTests" result="Passed" start-time="2025-06-30T21:52:57Z" end-time="2025-06-30T21:52:57Z" duration="0.041785" asserts="0" seed="128316186" />
                <test-case name="Parse_ReturnsPassedTestResults" fullname="FlukeTests.NunitXmlParserTests.Parse_ReturnsPassedTestResults" methodname="Parse_ReturnsPassedTestResults" classname="NunitXmlParserTests" result="Passed" start-time="2025-06-30T21:52:57Z" end-time="2025-06-30T21:52:57Z" duration="0.002305" asserts="0" seed="855927829" />
                <test-case name="Parse_ReturnsTestRun" fullname="FlukeTests.NunitXmlParserTests.Parse_ReturnsTestRun" methodname="Parse_ReturnsTestRun" classname="NunitXmlParserTests" result="Failed" start-time="2025-06-30T21:52:57Z" end-time="2025-06-30T21:52:57Z" duration="0.0348269" asserts="0" seed="1963649027">
                    <failure>
                        <message>  Assert.That(parsedData.StarTime, Is.EqualTo(DateTime.Parse("2025-04-21 14:00:00Z")))
                            Expected: 2025-04-21 16:00:00
                            But was:  2025-04-21 14:00:00
                        </message>
                        <stack-trace>   at FlukeTests.NunitXmlParserTests.Parse_ReturnsTestRun() in /Users/elena/dev/Fluke/Fluke.Tests/NunitXMLParserTests.cs:line 36
                            at FlukeTests.NunitXmlParserTests.Parse_ReturnsTestRun()
                            at NUnit.Framework.Internal.TaskAwaitAdapter.GenericAdapter`1.BlockUntilCompleted()
                            at NUnit.Framework.Internal.MessagePumpStrategy.NoMessagePumpStrategy.WaitForCompletion(AwaitAdapter awaiter)
                            at NUnit.Framework.Internal.AsyncToSyncAdapter.Await[TResult](TestExecutionContext context, Func`1 invoke)
                            at NUnit.Framework.Internal.AsyncToSyncAdapter.Await(TestExecutionContext context, Func`1 invoke)
                            at NUnit.Framework.Internal.Commands.TestMethodCommand.RunTestMethod(TestExecutionContext context)
                            at NUnit.Framework.Internal.Commands.TestMethodCommand.Execute(TestExecutionContext context)
                            at NUnit.Framework.Internal.Execution.SimpleWorkItem.&lt;&gt;c__DisplayClass3_0.&lt;PerformWork&gt;b__0()
                            at NUnit.Framework.Internal.ContextUtils.&lt;&gt;c__DisplayClass1_0`1.&lt;DoIsolated&gt;b__0(Object _)

                            1)    at FlukeTests.NunitXmlParserTests.Parse_ReturnsTestRun() in /Users/elena/dev/Fluke/Fluke.Tests/NunitXMLParserTests.cs:line 34

                        </stack-trace>
                    </failure>
                </test-case>
                <test-case name="Parse_ThrowsOnInvalidRawData(&quot;&quot;)" fullname="FlukeTests.NunitXmlParserTests.Parse_ThrowsOnInvalidRawData(&quot;&quot;)" methodname="Parse_ThrowsOnInvalidRawData(&quot;&quot;)" classname="NunitXmlParserTests" result="Passed" start-time="2025-06-30T21:52:57Z" end-time="2025-06-30T21:52:57Z" duration="0.008126" asserts="0" seed="1641651065" />
                <test-case name="Parse_ThrowsOnInvalidRawData(&quot;&lt;test&gt;someData&lt;/wrong_tag&gt;&quot;)" fullname="FlukeTests.NunitXmlParserTests.Parse_ThrowsOnInvalidRawData(&quot;&lt;test&gt;someData&lt;/wrong_tag&gt;&quot;)" methodname="Parse_ThrowsOnInvalidRawData(&quot;&lt;test&gt;someData&lt;/wrong_tag&gt;&quot;)" classname="NunitXmlParserTests" result="Passed" start-time="2025-06-30T21:52:57Z" end-time="2025-06-30T21:52:57Z" duration="0.000727" asserts="0" seed="1084594643" />
            </test-suite>
        </test-suite>
        <errors />
    </test-suite>
</test-run>
