<?xml version="1.0" encoding="utf-8" standalone="no"?>
<test-run id="2" testcasecount="1" result="Passed" total="1" passed="1" failed="0" inconclusive="0" skipped="0" asserts="1" start-time="2025-04-21 14:00:00Z" end-time="2025-04-21 14:00:03Z" duration="0.003">
    <test-suite type="Assembly" name="ExampleTests.dll" executed="True" result="Passed" duration="0.003">
        <test-suite type="TestFixture" name="ExampleTests.ExampleTestClass" executed="True" result="Passed" duration="0.003">
            <test-case name="ExampleTests.ExampleTestClass.PassingTest" classname="MyProject.Tests.CalculatorTests" executed="True" result="Passed" duration="0.001" asserts="1" />
        </test-suite>
    </test-suite>
</test-run>
